<?xml version="1.0" encoding="UTF-8"?>
<testsuite xmlns:xsi="http://www.w3.org/2001/XMLSchema-instance" xsi:noNamespaceSchemaLocation="https://maven.apache.org/surefire/maven-surefire-plugin/xsd/surefire-test-report.xsd" name="StringCalculatorTest" time="0.031" tests="15" errors="0" skipped="0" failures="0">
  <properties>
[...]
</properties>
  <testcase name="negativeNumbers" classname="StringCalculatorTest" time="0.007"/>
  <testcase name="callCountIncreases" classname="StringCalculatorTest" time="0.002"/>
  <testcase name="nNumbers" classname="StringCalculatorTest" time="0"/>
  <testcase name="twoNumbers" classname="StringCalculatorTest" time="0"/>
  <testcase name="delimitersCanBeOfAnyLength" classname="StringCalculatorTest" time="0.001"/>
  <testcase name="getCallCount" classname="StringCalculatorTest" time="0.001"/>
  <testcase name="multipleDelimitersOfNLength" classname="StringCalculatorTest" time="0.001"/>
  <testcase name="multipleNegativeNumbers" classname="StringCalculatorTest" time="0"/>
  <testcase name="addWithNewDelimiter" classname="StringCalculatorTest" time="0"/>
  <testcase name="multipleDelimiters" classname="StringCalculatorTest" time="0.001"/>
  <testcase name="emptyString" classname="StringCalculatorTest" time="0"/>
  <testcase name="largeNumbersIgnored" classname="StringCalculatorTest" time="0.001"/>
  <testcase name="singleNumber" classname="StringCalculatorTest" time="0.001"/>
  <testcase name="newLine" classname="StringCalculatorTest" time="0.001"/>
  <testcase name="callCountWithException" classname="StringCalculatorTest" time="0.001"/>
</testsuite>